
============================================================
 BL Calibration Target Fetcher
 Targets (3): HIP65803,HIP8102,HIP16537
 Output:  data/calibration_corpus
 Archive: http://blpd0.ssl.berkeley.edu/{TARGET}/blc07/
 Mode:    DOWNLOAD + TURBOSET I
 Scientific guardrail: calibration aid only; no detection claims
============================================================


[11:27:42] ===== Checking dependencies =====
[11:27:45] [INFO]  All checks passed
[11:27:45] [INFO]  Output directory: data/calibration_corpus

[11:27:45] ===== Testing archive connectivity to http://blpd0.ssl.berkeley.edu =====
[11:27:45] [INFO]  Archive reachable (HTTP 200)

[11:27:45] ===== [1/3] Target: HIP65803 =====
[11:27:45] [INFO]  Listing archive directory: http://blpd0.ssl.berkeley.edu/HIP65803/blc07/
[11:27:46] [WARN]    No H5 files found at http://blpd0.ssl.berkeley.edu/HIP65803/blc07/
[11:27:46] [WARN]    Archive may require authentication or directory listing is disabled
[11:27:46] [WARN]    Try manually: curl 'http://blpd0.ssl.berkeley.edu/HIP65803/blc07/'

[11:27:46] ===== [2/3] Target: HIP8102 =====
[11:27:46] [INFO]  Listing archive directory: http://blpd0.ssl.berkeley.edu/HIP8102/blc07/
[11:27:47] [WARN]    No H5 files found at http://blpd0.ssl.berkeley.edu/HIP8102/blc07/
[11:27:47] [WARN]    Archive may require authentication or directory listing is disabled
[11:27:47] [WARN]    Try manually: curl 'http://blpd0.ssl.berkeley.edu/HIP8102/blc07/'

[11:27:47] ===== [3/3] Target: HIP16537 =====
[11:27:47] [INFO]  Listing archive directory: http://blpd0.ssl.berkeley.edu/HIP16537/blc07/
[11:27:48] [WARN]    No H5 files found at http://blpd0.ssl.berkeley.edu/HIP16537/blc07/
[11:27:48] [WARN]    Archive may require authentication or directory listing is disabled
[11:27:48] [WARN]    Try manually: curl 'http://blpd0.ssl.berkeley.edu/HIP16537/blc07/'

============================================================
 Fetch Summary
   Targets processed: 3
   Downloaded:        0
   Skipped (exist):   0
   Failed:            3

   H5 files in data/calibration_corpus: 0
   .dat files in data/calibration_corpus: 7

 Next steps after successful download:
   1. Create provenance sidecars for each .dat:
      for dat in data/calibration_corpus/*.dat; do
        .venv/bin/python scripts/write_calibration_provenance.py \
            --dat-file "$dat" --approved
      done

   2. Run calibration pipeline:
      caffeinate -i bash scripts/run_calibration_corpus_pipeline.sh \
          data/calibration_corpus --skip-turboseti

 Scientific guardrail: downloads are calibration aids only;
 no result constitutes a detection claim.
============================================================
