[2026-06-13T11:28:30] === run_pipeline_on_bl_data.sh starting ===
[2026-06-13T11:28:30] Repo root   : /Users/Rome/Library/CloudStorage/Dropbox/Rome's Stuff/Doc.Root/Personal Docs/Astrometrics/2026 Technosignatures
[2026-06-13T11:28:30] Python      : Python 3.14.3
[2026-06-13T11:28:30] Data dir    : data/calibration_corpus
[2026-06-13T11:28:30] Results dir : /Users/Rome/Library/CloudStorage/Dropbox/Rome's Stuff/Doc.Root/Personal Docs/Astrometrics/2026 Technosignatures/results
[2026-06-13T11:28:30] Workers     : 12 (M4 Max has 12 performance cores)
[2026-06-13T11:28:30] Found 7 .dat file(s) — launching parallel pipeline ...
[2026-06-13T11:28:30] Running pipeline on 7 file(s) with 12 workers ...
[2026-06-13T11:28:30]   Processing: Voyager1_test.dat
[2026-06-13T11:28:30]   Processing: spliced_blc0001020304050607_guppi_57752_83026_HIP99427_0033.gpuspec.0002.dat
[2026-06-13T11:28:30]   Processing: spliced_blc0001020304050607_guppi_57752_84766_HIP99759_0038.gpuspec.0002.dat
[2026-06-13T11:28:30]   Processing: spliced_blc0001020304050607_guppi_57752_83716_HIP99427_0035.gpuspec.0002.dat
[2026-06-13T11:28:30]   Processing: spliced_blc0001020304050607_guppi_57752_84416_HIP99427_0037.gpuspec.0002.dat
[2026-06-13T11:28:30]   Processing: spliced_blc0001020304050607_guppi_57752_84066_HIP99560_0036.gpuspec.0002.dat
[2026-06-13T11:28:30]   Processing: spliced_blc0001020304050607_guppi_57752_83371_HIP100670_0034.gpuspec.0002.dat
[2026-06-13T11:28:30]   FAILED Voyager1_test.dat:

[2026-06-13T11:28:30]   FAILED spliced_blc0001020304050607_guppi_57752_84416_HIP99427_0037.gpuspec.0002.dat:

[2026-06-13T11:28:30]   FAILED spliced_blc0001020304050607_guppi_57752_84766_HIP99759_0038.gpuspec.0002.dat:

[2026-06-13T11:28:30]   FAILED spliced_blc0001020304050607_guppi_57752_83371_HIP100670_0034.gpuspec.0002.dat:

[2026-06-13T11:28:30]   FAILED spliced_blc0001020304050607_guppi_57752_83026_HIP99427_0033.gpuspec.0002.dat:

[2026-06-13T11:28:30]   FAILED spliced_blc0001020304050607_guppi_57752_83716_HIP99427_0035.gpuspec.0002.dat:

[2026-06-13T11:28:30]   FAILED spliced_blc0001020304050607_guppi_57752_84066_HIP99560_0036.gpuspec.0002.dat:

[2026-06-13T11:28:30] Done: 0 OK, 7 failed
[2026-06-13T11:28:30]   FAILED: data/calibration_corpus/Voyager1_test.dat
[2026-06-13T11:28:30]   FAILED: data/calibration_corpus/spliced_blc0001020304050607_guppi_57752_83026_HIP99427_0033.gpuspec.0002.dat
[2026-06-13T11:28:30]   FAILED: data/calibration_corpus/spliced_blc0001020304050607_guppi_57752_83371_HIP100670_0034.gpuspec.0002.dat
[2026-06-13T11:28:30]   FAILED: data/calibration_corpus/spliced_blc0001020304050607_guppi_57752_83716_HIP99427_0035.gpuspec.0002.dat
[2026-06-13T11:28:30]   FAILED: data/calibration_corpus/spliced_blc0001020304050607_guppi_57752_84066_HIP99560_0036.gpuspec.0002.dat
[2026-06-13T11:28:30]   FAILED: data/calibration_corpus/spliced_blc0001020304050607_guppi_57752_84416_HIP99427_0037.gpuspec.0002.dat
[2026-06-13T11:28:30]   FAILED: data/calibration_corpus/spliced_blc0001020304050607_guppi_57752_84766_HIP99759_0038.gpuspec.0002.dat
